# JRE version: OpenJDK Runtime Environment (8.0_242-b01) (build 1.8.0_242-release-1644-b01)
# Java VM: OpenJDK 64-Bit Server VM (25.242-b01 mixed mode windows-amd64 compressed oops)
Heap:
 PSYoungGen      total 621568K, used 405204K [0x00000000d5580000, 0x0000000100000000, 0x0000000100000000)
  eden space 544256K, 60% used [0x00000000d5580000,0x00000000e95b8648,0x00000000f6900000)
  from space 77312K, 99% used [0x00000000f6900000,0x00000000fb47ca08,0x00000000fb480000)
  to   space 77312K, 0% used [0x00000000fb480000,0x00000000fb480000,0x0000000100000000)
 ParOldGen       total 327680K, used 253208K [0x0000000080000000, 0x0000000094000000, 0x00000000d5580000)
  object space 327680K, 77% used [0x0000000080000000,0x000000008f746010,0x0000000094000000)
 Metaspace       used 229766K, capacity 243660K, committed 243864K, reserved 1261568K
  class space    used 29183K, capacity 31619K, committed 31648K, reserved 1048576K
GC Heap History (10 events):
Event: 2029.710 GC heap before
{Heap before GC invocations=67 (full 6):
 PSYoungGen      total 609792K, used 541779K [0x00000000d5580000, 0x0000000100000000, 0x0000000100000000)
  eden space 529920K, 100% used [0x00000000d5580000,0x00000000f5b00000,0x00000000f5b00000)
  from space 79872K, 14% used [0x00000000fa500000,0x00000000fb094ea8,0x00000000ff300000)
  to   space 75776K, 0% used [0x00000000f5b00000,0x00000000f5b00000,0x00000000fa500000)
 ParOldGen       total 327680K, used 244687K [0x0000000080000000, 0x0000000094000000, 0x00000000d5580000)
  object space 327680K, 74% used [0x0000000080000000,0x000000008eef3cf8,0x0000000094000000)
 Metaspace       used 152287K, capacity 160528K, committed 160792K, reserved 1189888K
  class space    used 18979K, capacity 20389K, committed 20512K, reserved 1048576K
Event: 2029.735 GC heap after
Heap after GC invocations=67 (full 6):
 PSYoungGen      total 605696K, used 10672K [0x00000000d5580000, 0x00000000ff500000, 0x0000000100000000)
  eden space 529920K, 0% used [0x00000000d5580000,0x00000000d5580000,0x00000000f5b00000)
  from space 75776K, 14% used [0x00000000f5b00000,0x00000000f656c040,0x00000000fa500000)
  to   space 72192K, 0% used [0x00000000fae80000,0x00000000fae80000,0x00000000ff500000)
 ParOldGen       total 327680K, used 244695K [0x0000000080000000, 0x0000000094000000, 0x00000000d5580000)
  object space 327680K, 74% used [0x0000000080000000,0x000000008eef5cf8,0x0000000094000000)
 Metaspace       used 152287K, capacity 160528K, committed 160792K, reserved 1189888K
  class space    used 18979K, capacity 20389K, committed 20512K, reserved 1048576K
}
Event: 2212.426 GC heap before
{Heap before GC invocations=68 (full 6):
 PSYoungGen      total 605696K, used 540592K [0x00000000d5580000, 0x00000000ff500000, 0x0000000100000000)
  eden space 529920K, 100% used [0x00000000d5580000,0x00000000f5b00000,0x00000000f5b00000)
  from space 75776K, 14% used [0x00000000f5b00000,0x00000000f656c040,0x00000000fa500000)
  to   space 72192K, 0% used [0x00000000fae80000,0x00000000fae80000,0x00000000ff500000)
 ParOldGen       total 327680K, used 244695K [0x0000000080000000, 0x0000000094000000, 0x00000000d5580000)
  object space 327680K, 74% used [0x0000000080000000,0x000000008eef5cf8,0x0000000094000000)
 Metaspace       used 152508K, capacity 160734K, committed 161048K, reserved 1189888K
  class space    used 18980K, capacity 20390K, committed 20512K, reserved 1048576K
Event: 2212.470 GC heap after
Heap after GC invocations=68 (full 6):
 PSYoungGen      total 618496K, used 15280K [0x00000000d5580000, 0x00000000ff380000, 0x0000000100000000)
  eden space 547840K, 0% used [0x00000000d5580000,0x00000000d5580000,0x00000000f6c80000)
  from space 70656K, 21% used [0x00000000fae80000,0x00000000fbd6c060,0x00000000ff380000)
  to   space 67584K, 0% used [0x00000000f6c80000,0x00000000f6c80000,0x00000000fae80000)
 ParOldGen       total 327680K, used 244703K [0x0000000080000000, 0x0000000094000000, 0x00000000d5580000)
  object space 327680K, 74% used [0x0000000080000000,0x000000008eef7cf8,0x0000000094000000)
 Metaspace       used 152508K, capacity 160734K, committed 161048K, reserved 1189888K
  class space    used 18980K, capacity 20390K, committed 20512K, reserved 1048576K
}
Event: 2510.388 GC heap before
{Heap before GC invocations=69 (full 6):
 PSYoungGen      total 618496K, used 563120K [0x00000000d5580000, 0x00000000ff380000, 0x0000000100000000)
  eden space 547840K, 100% used [0x00000000d5580000,0x00000000f6c80000,0x00000000f6c80000)
  from space 70656K, 21% used [0x00000000fae80000,0x00000000fbd6c060,0x00000000ff380000)
  to   space 67584K, 0% used [0x00000000f6c80000,0x00000000f6c80000,0x00000000fae80000)
 ParOldGen       total 327680K, used 244703K [0x0000000080000000, 0x0000000094000000, 0x00000000d5580000)
  object space 327680K, 74% used [0x0000000080000000,0x000000008eef7cf8,0x0000000094000000)
 Metaspace       used 163191K, capacity 173294K, committed 173592K, reserved 1200128K
  class space    used 20362K, capacity 21996K, committed 22048K, reserved 1048576K
Event: 2510.471 GC heap after
Heap after GC invocations=69 (full 6):
 PSYoungGen      total 615424K, used 20123K [0x00000000d5580000, 0x00000000ff400000, 0x0000000100000000)
  eden space 547840K, 0% used [0x00000000d5580000,0x00000000d5580000,0x00000000f6c80000)
  from space 67584K, 29% used [0x00000000f6c80000,0x00000000f8026c28,0x00000000fae80000)
  to   space 62976K, 0% used [0x00000000fb680000,0x00000000fb680000,0x00000000ff400000)
 ParOldGen       total 327680K, used 244711K [0x0000000080000000, 0x0000000094000000, 0x00000000d5580000)
  object space 327680K, 74% used [0x0000000080000000,0x000000008eef9cf8,0x0000000094000000)
 Metaspace       used 163191K, capacity 173294K, committed 173592K, reserved 1200128K
  class space    used 20362K, capacity 21996K, committed 22048K, reserved 1048576K
}
Event: 2666.017 GC heap before
{Heap before GC invocations=70 (full 6):
 PSYoungGen      total 615424K, used 567670K [0x00000000d5580000, 0x00000000ff400000, 0x0000000100000000)
  eden space 547840K, 99% used [0x00000000d5580000,0x00000000f6c36df0,0x00000000f6c80000)
  from space 67584K, 29% used [0x00000000f6c80000,0x00000000f8026c28,0x00000000fae80000)
  to   space 62976K, 0% used [0x00000000fb680000,0x00000000fb680000,0x00000000ff400000)
 ParOldGen       total 327680K, used 244711K [0x0000000080000000, 0x0000000094000000, 0x00000000d5580000)
  object space 327680K, 74% used [0x0000000080000000,0x000000008eef9cf8,0x0000000094000000)
 Metaspace       used 195641K, capacity 207578K, committed 207896K, reserved 1230848K
  class space    used 24788K, capacity 26832K, committed 26912K, reserved 1048576K
Event: 2666.346 GC heap after
Heap after GC invocations=70 (full 6):
 PSYoungGen      total 607232K, used 62959K [0x00000000d5580000, 0x0000000100000000, 0x0000000100000000)
  eden space 544256K, 0% used [0x00000000d5580000,0x00000000d5580000,0x00000000f6900000)
  from space 62976K, 99% used [0x00000000fb680000,0x00000000ff3fbc68,0x00000000ff400000)
  to   space 77312K, 0% used [0x00000000f6900000,0x00000000f6900000,0x00000000fb480000)
 ParOldGen       total 327680K, used 251558K [0x0000000080000000, 0x0000000094000000, 0x00000000d5580000)
  object space 327680K, 76% used [0x0000000080000000,0x000000008f5a9b78,0x0000000094000000)
 Metaspace       used 195641K, capacity 207578K, committed 207896K, reserved 1230848K
  class space    used 24788K, capacity 26832K, committed 26912K, reserved 1048576K
}
Event: 2676.526 GC heap before
{Heap before GC invocations=71 (full 6):
 PSYoungGen      total 607232K, used 607215K [0x00000000d5580000, 0x0000000100000000, 0x0000000100000000)
  eden space 544256K, 100% used [0x00000000d5580000,0x00000000f6900000,0x00000000f6900000)
  from space 62976K, 99% used [0x00000000fb680000,0x00000000ff3fbc68,0x00000000ff400000)
  to   space 77312K, 0% used [0x00000000f6900000,0x00000000f6900000,0x00000000fb480000)
 ParOldGen       total 327680K, used 251558K [0x0000000080000000, 0x0000000094000000, 0x00000000d5580000)
  object space 327680K, 76% used [0x0000000080000000,0x000000008f5a9b78,0x0000000094000000)
 Metaspace       used 213097K, capacity 225606K, committed 225944K, reserved 1245184K
  class space    used 27065K, capacity 29280K, committed 29344K, reserved 1048576K
Event: 2677.542 GC heap after
Heap after GC invocations=71 (full 6):
 PSYoungGen      total 621568K, used 77298K [0x00000000d5580000, 0x0000000100000000, 0x0000000100000000)
  eden space 544256K, 0% used [0x00000000d5580000,0x00000000d5580000,0x00000000f6900000)
  from space 77312K, 99% used [0x00000000f6900000,0x00000000fb47ca08,0x00000000fb480000)
  to   space 77312K, 0% used [0x00000000fb480000,0x00000000fb480000,0x0000000100000000)
 ParOldGen       total 327680K, used 253208K [0x0000000080000000, 0x0000000094000000, 0x00000000d5580000)
  object space 327680K, 77% used [0x0000000080000000,0x000000008f746010,0x0000000094000000)
 Metaspace       used 213097K, capacity 225606K, committed 225944K, reserved 1245184K
  class space    used 27065K, capacity 29280K, committed 29344K, reserved 1048576K
}

