# JRE version: OpenJDK Runtime Environment (8.0_242-b01) (build 1.8.0_242-release-1644-b01)
# Java VM: OpenJDK 64-Bit Server VM (25.242-b01 mixed mode windows-amd64 compressed oops)
Heap:
 PSYoungGen      total 651264K, used 113798K [0x00000000d5580000, 0x00000000ffc80000, 0x0000000100000000)
  eden space 613376K, 17% used [0x00000000d5580000,0x00000000dbf49910,0x00000000fac80000)
  from space 37888K, 14% used [0x00000000fd780000,0x00000000fdcd8000,0x00000000ffc80000)
  to   space 40960K, 0% used [0x00000000fac80000,0x00000000fac80000,0x00000000fd480000)
 ParOldGen       total 135680K, used 110506K [0x0000000080000000, 0x0000000088480000, 0x00000000d5580000)
  object space 135680K, 81% used [0x0000000080000000,0x0000000086bea9f0,0x0000000088480000)
 Metaspace       used 85192K, capacity 89392K, committed 90264K, reserved 1126400K
  class space    used 11537K, capacity 12283K, committed 12464K, reserved 1048576K
GC Heap History (10 events):
Event: 261.208 GC heap before
{Heap before GC invocations=16 (full 3):
 PSYoungGen      total 358400K, used 358030K [0x00000000d5580000, 0x00000000ed480000, 0x0000000100000000)
  eden space 335872K, 100% used [0x00000000d5580000,0x00000000e9d80000,0x00000000e9d80000)
  from space 22528K, 98% used [0x00000000eb700000,0x00000000ecca3a30,0x00000000ecd00000)
  to   space 26112K, 0% used [0x00000000e9d80000,0x00000000e9d80000,0x00000000eb700000)
 ParOldGen       total 78848K, used 37814K [0x0000000080000000, 0x0000000084d00000, 0x00000000d5580000)
  object space 78848K, 47% used [0x0000000080000000,0x00000000824edb68,0x0000000084d00000)
 Metaspace       used 84169K, capacity 88688K, committed 88984K, reserved 1126400K
  class space    used 11525K, capacity 12353K, committed 12464K, reserved 1048576K
Event: 279.506 GC heap after
Heap after GC invocations=16 (full 3):
 PSYoungGen      total 361984K, used 26042K [0x00000000d5580000, 0x00000000f6280000, 0x0000000100000000)
  eden space 335872K, 0% used [0x00000000d5580000,0x00000000d5580000,0x00000000e9d80000)
  from space 26112K, 99% used [0x00000000e9d80000,0x00000000eb6ee908,0x00000000eb700000)
  to   space 30720K, 0% used [0x00000000f4480000,0x00000000f4480000,0x00000000f6280000)
 ParOldGen       total 78848K, used 52091K [0x0000000080000000, 0x0000000084d00000, 0x00000000d5580000)
  object space 78848K, 66% used [0x0000000080000000,0x00000000832dec28,0x0000000084d00000)
 Metaspace       used 84169K, capacity 88688K, committed 88984K, reserved 1126400K
  class space    used 11525K, capacity 12353K, committed 12464K, reserved 1048576K
}
Event: 329.336 GC heap before
{Heap before GC invocations=17 (full 3):
 PSYoungGen      total 361984K, used 361914K [0x00000000d5580000, 0x00000000f6280000, 0x0000000100000000)
  eden space 335872K, 100% used [0x00000000d5580000,0x00000000e9d80000,0x00000000e9d80000)
  from space 26112K, 99% used [0x00000000e9d80000,0x00000000eb6ee908,0x00000000eb700000)
  to   space 30720K, 0% used [0x00000000f4480000,0x00000000f4480000,0x00000000f6280000)
 ParOldGen       total 78848K, used 52091K [0x0000000080000000, 0x0000000084d00000, 0x00000000d5580000)
  object space 78848K, 66% used [0x0000000080000000,0x00000000832dec28,0x0000000084d00000)
 Metaspace       used 85048K, capacity 89660K, committed 89752K, reserved 1126400K
  class space    used 11579K, capacity 12405K, committed 12464K, reserved 1048576K
Event: 338.770 GC heap after
Heap after GC invocations=17 (full 3):
 PSYoungGen      total 493568K, used 30703K [0x00000000d5580000, 0x00000000f8e00000, 0x0000000100000000)
  eden space 462848K, 0% used [0x00000000d5580000,0x00000000d5580000,0x00000000f1980000)
  from space 30720K, 99% used [0x00000000f4480000,0x00000000f627bd50,0x00000000f6280000)
  to   space 44032K, 0% used [0x00000000f1980000,0x00000000f1980000,0x00000000f4480000)
 ParOldGen       total 78848K, used 75106K [0x0000000080000000, 0x0000000084d00000, 0x00000000d5580000)
  object space 78848K, 95% used [0x0000000080000000,0x0000000084958a98,0x0000000084d00000)
 Metaspace       used 85048K, capacity 89660K, committed 89752K, reserved 1126400K
  class space    used 11579K, capacity 12405K, committed 12464K, reserved 1048576K
}
Event: 338.778 GC heap before
{Heap before GC invocations=18 (full 4):
 PSYoungGen      total 493568K, used 30703K [0x00000000d5580000, 0x00000000f8e00000, 0x0000000100000000)
  eden space 462848K, 0% used [0x00000000d5580000,0x00000000d5580000,0x00000000f1980000)
  from space 30720K, 99% used [0x00000000f4480000,0x00000000f627bd50,0x00000000f6280000)
  to   space 44032K, 0% used [0x00000000f1980000,0x00000000f1980000,0x00000000f4480000)
 ParOldGen       total 78848K, used 75106K [0x0000000080000000, 0x0000000084d00000, 0x00000000d5580000)
  object space 78848K, 95% used [0x0000000080000000,0x0000000084958a98,0x0000000084d00000)
 Metaspace       used 85048K, capacity 89660K, committed 89752K, reserved 1126400K
  class space    used 11579K, capacity 12405K, committed 12464K, reserved 1048576K
Event: 355.710 GC heap after
Heap after GC invocations=18 (full 4):
 PSYoungGen      total 493568K, used 16503K [0x00000000d5580000, 0x00000000f8e00000, 0x0000000100000000)
  eden space 462848K, 0% used [0x00000000d5580000,0x00000000d5580000,0x00000000f1980000)
  from space 30720K, 53% used [0x00000000f4480000,0x00000000f549df00,0x00000000f6280000)
  to   space 44032K, 0% used [0x00000000f1980000,0x00000000f1980000,0x00000000f4480000)
 ParOldGen       total 135680K, used 78716K [0x0000000080000000, 0x0000000088480000, 0x00000000d5580000)
  object space 135680K, 58% used [0x0000000080000000,0x0000000084cdf338,0x0000000088480000)
 Metaspace       used 84772K, capacity 88946K, committed 89752K, reserved 1126400K
  class space    used 11484K, capacity 12238K, committed 12464K, reserved 1048576K
}
Event: 404.320 GC heap before
{Heap before GC invocations=19 (full 4):
 PSYoungGen      total 493568K, used 479351K [0x00000000d5580000, 0x00000000f8e00000, 0x0000000100000000)
  eden space 462848K, 100% used [0x00000000d5580000,0x00000000f1980000,0x00000000f1980000)
  from space 30720K, 53% used [0x00000000f4480000,0x00000000f549df00,0x00000000f6280000)
  to   space 44032K, 0% used [0x00000000f1980000,0x00000000f1980000,0x00000000f4480000)
 ParOldGen       total 135680K, used 78716K [0x0000000080000000, 0x0000000088480000, 0x00000000d5580000)
  object space 135680K, 58% used [0x0000000080000000,0x0000000084cdf338,0x0000000088480000)
 Metaspace       used 85073K, capacity 89282K, committed 90008K, reserved 1126400K
  class space    used 11522K, capacity 12274K, committed 12464K, reserved 1048576K
Event: 423.821 GC heap after
Heap after GC invocations=19 (full 4):
 PSYoungGen      total 506880K, used 16584K [0x00000000d5580000, 0x0000000100000000, 0x0000000100000000)
  eden space 462848K, 0% used [0x00000000d5580000,0x00000000d5580000,0x00000000f1980000)
  from space 44032K, 37% used [0x00000000f1980000,0x00000000f29b2078,0x00000000f4480000)
  to   space 41472K, 0% used [0x00000000fd780000,0x00000000fd780000,0x0000000100000000)
 ParOldGen       total 135680K, used 95277K [0x0000000080000000, 0x0000000088480000, 0x00000000d5580000)
  object space 135680K, 70% used [0x0000000080000000,0x0000000085d0b498,0x0000000088480000)
 Metaspace       used 85073K, capacity 89282K, committed 90008K, reserved 1126400K
  class space    used 11522K, capacity 12274K, committed 12464K, reserved 1048576K
}
Event: 525.872 GC heap before
{Heap before GC invocations=20 (full 4):
 PSYoungGen      total 506880K, used 479432K [0x00000000d5580000, 0x0000000100000000, 0x0000000100000000)
  eden space 462848K, 100% used [0x00000000d5580000,0x00000000f1980000,0x00000000f1980000)
  from space 44032K, 37% used [0x00000000f1980000,0x00000000f29b2078,0x00000000f4480000)
  to   space 41472K, 0% used [0x00000000fd780000,0x00000000fd780000,0x0000000100000000)
 ParOldGen       total 135680K, used 95277K [0x0000000080000000, 0x0000000088480000, 0x00000000d5580000)
  object space 135680K, 70% used [0x0000000080000000,0x0000000085d0b498,0x0000000088480000)
 Metaspace       used 85161K, capacity 89380K, committed 90264K, reserved 1126400K
  class space    used 11529K, capacity 12281K, committed 12464K, reserved 1048576K
Event: 558.932 GC heap after
Heap after GC invocations=20 (full 4):
 PSYoungGen      total 651264K, used 5472K [0x00000000d5580000, 0x00000000ffc80000, 0x0000000100000000)
  eden space 613376K, 0% used [0x00000000d5580000,0x00000000d5580000,0x00000000fac80000)
  from space 37888K, 14% used [0x00000000fd780000,0x00000000fdcd8000,0x00000000ffc80000)
  to   space 40960K, 0% used [0x00000000fac80000,0x00000000fac80000,0x00000000fd480000)
 ParOldGen       total 135680K, used 110506K [0x0000000080000000, 0x0000000088480000, 0x00000000d5580000)
  object space 135680K, 81% used [0x0000000080000000,0x0000000086bea9f0,0x0000000088480000)
 Metaspace       used 85161K, capacity 89380K, committed 90264K, reserved 1126400K
  class space    used 11529K, capacity 12281K, committed 12464K, reserved 1048576K
}

